# JRE version: Java(TM) SE Runtime Environment (8.0_191-b12) (build 1.8.0_191-b12)
# Java VM: Java HotSpot(TM) 64-Bit Server VM (25.191-b12 mixed mode windows-amd64 compressed oops)
Heap:
 PSYoungGen      total 546816K, used 367040K [0x000000076b000000, 0x000000078dd00000, 0x00000007c0000000)
  eden space 524288K, 67% used [0x000000076b000000,0x0000000780bf5170,0x000000078b000000)
  from space 22528K, 47% used [0x000000078c700000,0x000000078d17b170,0x000000078dd00000)
  to   space 23040K, 0% used [0x000000078b000000,0x000000078b000000,0x000000078c680000)
 ParOldGen       total 175104K, used 14346K [0x00000006c1000000, 0x00000006cbb00000, 0x000000076b000000)
  object space 175104K, 8% used [0x00000006c1000000,0x00000006c1e02bb0,0x00000006cbb00000)
 Metaspace       used 11856K, capacity 12414K, committed 12672K, reserved 1060864K
  class space    used 1451K, capacity 1569K, committed 1664K, reserved 1048576K
GC Heap History (10 events):
Event: 0.589 GC heap before
{Heap before GC invocations=2 (full 0):
 PSYoungGen      total 76288K, used 73415K [0x000000076b000000, 0x0000000774500000, 0x00000007c0000000)
  eden space 65536K, 95% used [0x000000076b000000,0x000000076ed36a90,0x000000076f000000)
  from space 10752K, 99% used [0x000000076f000000,0x000000076fa7b1a0,0x000000076fa80000)
  to   space 10752K, 0% used [0x0000000773a80000,0x0000000773a80000,0x0000000774500000)
 ParOldGen       total 175104K, used 13046K [0x00000006c1000000, 0x00000006cbb00000, 0x000000076b000000)
  object space 175104K, 7% used [0x00000006c1000000,0x00000006c1cbd970,0x00000006cbb00000)
 Metaspace       used 11542K, capacity 12154K, committed 12416K, reserved 1060864K
  class space    used 1450K, capacity 1569K, committed 1664K, reserved 1048576K
Event: 0.592 GC heap after
Heap after GC invocations=2 (full 0):
 PSYoungGen      total 141824K, used 10748K [0x000000076b000000, 0x0000000774500000, 0x00000007c0000000)
  eden space 131072K, 0% used [0x000000076b000000,0x000000076b000000,0x0000000773000000)
  from space 10752K, 99% used [0x0000000773a80000,0x00000007744ff1c0,0x0000000774500000)
  to   space 10752K, 0% used [0x0000000773000000,0x0000000773000000,0x0000000773a80000)
 ParOldGen       total 175104K, used 13418K [0x00000006c1000000, 0x00000006cbb00000, 0x000000076b000000)
  object space 175104K, 7% used [0x00000006c1000000,0x00000006c1d1aa00,0x00000006cbb00000)
 Metaspace       used 11542K, capacity 12154K, committed 12416K, reserved 1060864K
  class space    used 1450K, capacity 1569K, committed 1664K, reserved 1048576K
}
Event: 0.844 GC heap before
{Heap before GC invocations=3 (full 0):
 PSYoungGen      total 141824K, used 136602K [0x000000076b000000, 0x0000000774500000, 0x00000007c0000000)
  eden space 131072K, 96% used [0x000000076b000000,0x0000000772ae7970,0x0000000773000000)
  from space 10752K, 99% used [0x0000000773a80000,0x00000007744ff1c0,0x0000000774500000)
  to   space 10752K, 0% used [0x0000000773000000,0x0000000773000000,0x0000000773a80000)
 ParOldGen       total 175104K, used 13418K [0x00000006c1000000, 0x00000006cbb00000, 0x000000076b000000)
  object space 175104K, 7% used [0x00000006c1000000,0x00000006c1d1aa00,0x00000006cbb00000)
 Metaspace       used 11564K, capacity 12154K, committed 12416K, reserved 1060864K
  class space    used 1450K, capacity 1569K, committed 1664K, reserved 1048576K
Event: 0.848 GC heap after
Heap after GC invocations=3 (full 0):
 PSYoungGen      total 141824K, used 10743K [0x000000076b000000, 0x000000077c500000, 0x00000007c0000000)
  eden space 131072K, 0% used [0x000000076b000000,0x000000076b000000,0x0000000773000000)
  from space 10752K, 99% used [0x0000000773000000,0x0000000773a7ddd0,0x0000000773a80000)
  to   space 10752K, 0% used [0x000000077ba80000,0x000000077ba80000,0x000000077c500000)
 ParOldGen       total 175104K, used 13794K [0x00000006c1000000, 0x00000006cbb00000, 0x000000076b000000)
  object space 175104K, 7% used [0x00000006c1000000,0x00000006c1d78b30,0x00000006cbb00000)
 Metaspace       used 11564K, capacity 12154K, committed 12416K, reserved 1060864K
  class space    used 1450K, capacity 1569K, committed 1664K, reserved 1048576K
}
Event: 1.099 GC heap before
{Heap before GC invocations=4 (full 0):
 PSYoungGen      total 141824K, used 136813K [0x000000076b000000, 0x000000077c500000, 0x00000007c0000000)
  eden space 131072K, 96% used [0x000000076b000000,0x0000000772b1da28,0x0000000773000000)
  from space 10752K, 99% used [0x0000000773000000,0x0000000773a7ddd0,0x0000000773a80000)
  to   space 10752K, 0% used [0x000000077ba80000,0x000000077ba80000,0x000000077c500000)
 ParOldGen       total 175104K, used 13794K [0x00000006c1000000, 0x00000006cbb00000, 0x000000076b000000)
  object space 175104K, 7% used [0x00000006c1000000,0x00000006c1d78b30,0x00000006cbb00000)
 Metaspace       used 11608K, capacity 12222K, committed 12416K, reserved 1060864K
  class space    used 1450K, capacity 1569K, committed 1664K, reserved 1048576K
Event: 1.102 GC heap after
Heap after GC invocations=4 (full 0):
 PSYoungGen      total 272896K, used 10743K [0x000000076b000000, 0x000000077c500000, 0x00000007c0000000)
  eden space 262144K, 0% used [0x000000076b000000,0x000000076b000000,0x000000077b000000)
  from space 10752K, 99% used [0x000000077ba80000,0x000000077c4fdd90,0x000000077c500000)
  to   space 10752K, 0% used [0x000000077b000000,0x000000077b000000,0x000000077ba80000)
 ParOldGen       total 175104K, used 14002K [0x00000006c1000000, 0x00000006cbb00000, 0x000000076b000000)
  object space 175104K, 7% used [0x00000006c1000000,0x00000006c1dacb60,0x00000006cbb00000)
 Metaspace       used 11608K, capacity 12222K, committed 12416K, reserved 1060864K
  class space    used 1450K, capacity 1569K, committed 1664K, reserved 1048576K
}
Event: 1.626 GC heap before
{Heap before GC invocations=5 (full 0):
 PSYoungGen      total 272896K, used 269563K [0x000000076b000000, 0x000000077c500000, 0x00000007c0000000)
  eden space 262144K, 98% used [0x000000076b000000,0x000000077acc0ed8,0x000000077b000000)
  from space 10752K, 99% used [0x000000077ba80000,0x000000077c4fdd90,0x000000077c500000)
  to   space 10752K, 0% used [0x000000077b000000,0x000000077b000000,0x000000077ba80000)
 ParOldGen       total 175104K, used 14002K [0x00000006c1000000, 0x00000006cbb00000, 0x000000076b000000)
  object space 175104K, 7% used [0x00000006c1000000,0x00000006c1dacb60,0x00000006cbb00000)
 Metaspace       used 11738K, capacity 12350K, committed 12672K, reserved 1060864K
  class space    used 1450K, capacity 1569K, committed 1664K, reserved 1048576K
Event: 1.630 GC heap after
Heap after GC invocations=5 (full 0):
 PSYoungGen      total 272896K, used 10751K [0x000000076b000000, 0x000000078de00000, 0x00000007c0000000)
  eden space 262144K, 0% used [0x000000076b000000,0x000000076b000000,0x000000077b000000)
  from space 10752K, 99% used [0x000000077b000000,0x000000077ba7fda0,0x000000077ba80000)
  to   space 23552K, 0% used [0x000000078c700000,0x000000078c700000,0x000000078de00000)
 ParOldGen       total 175104K, used 14338K [0x00000006c1000000, 0x00000006cbb00000, 0x000000076b000000)
  object space 175104K, 8% used [0x00000006c1000000,0x00000006c1e00bb0,0x00000006cbb00000)
 Metaspace       used 11738K, capacity 12350K, committed 12672K, reserved 1060864K
  class space    used 1450K, capacity 1569K, committed 1664K, reserved 1048576K
}
Event: 2.153 GC heap before
{Heap before GC invocations=6 (full 0):
 PSYoungGen      total 272896K, used 268654K [0x000000076b000000, 0x000000078de00000, 0x00000007c0000000)
  eden space 262144K, 98% used [0x000000076b000000,0x000000077abdbdc0,0x000000077b000000)
  from space 10752K, 99% used [0x000000077b000000,0x000000077ba7fda0,0x000000077ba80000)
  to   space 23552K, 0% used [0x000000078c700000,0x000000078c700000,0x000000078de00000)
 ParOldGen       total 175104K, used 14338K [0x00000006c1000000, 0x00000006cbb00000, 0x000000076b000000)
  object space 175104K, 8% used [0x00000006c1000000,0x00000006c1e00bb0,0x00000006cbb00000)
 Metaspace       used 11799K, capacity 12350K, committed 12672K, reserved 1060864K
  class space    used 1450K, capacity 1569K, committed 1664K, reserved 1048576K
Event: 2.157 GC heap after
Heap after GC invocations=6 (full 0):
 PSYoungGen      total 546816K, used 10732K [0x000000076b000000, 0x000000078dd00000, 0x00000007c0000000)
  eden space 524288K, 0% used [0x000000076b000000,0x000000076b000000,0x000000078b000000)
  from space 22528K, 47% used [0x000000078c700000,0x000000078d17b170,0x000000078dd00000)
  to   space 23040K, 0% used [0x000000078b000000,0x000000078b000000,0x000000078c680000)
 ParOldGen       total 175104K, used 14346K [0x00000006c1000000, 0x00000006cbb00000, 0x000000076b000000)
  object space 175104K, 8% used [0x00000006c1000000,0x00000006c1e02bb0,0x00000006cbb00000)
 Metaspace       used 11799K, capacity 12350K, committed 12672K, reserved 1060864K
  class space    used 1450K, capacity 1569K, committed 1664K, reserved 1048576K
}

